Started GET "/" for ::1 at 2020-06-23 22:20:11 +0900
Processing by Rails::WelcomeController#index as HTML
  Rendering /Users/nagaishogo/.rbenv/versions/2.6.1/lib/ruby/gems/2.6.0/gems/railties-5.1.6/lib/rails/templates/rails/welcome/index.html.erb
  Rendered /Users/nagaishogo/.rbenv/versions/2.6.1/lib/ruby/gems/2.6.0/gems/railties-5.1.6/lib/rails/templates/rails/welcome/index.html.erb (4.9ms)
Completed 200 OK in 215ms (Views: 14.7ms)


Started GET "/" for ::1 at 2020-06-23 22:20:44 +0900
Processing by Rails::WelcomeController#index as HTML
  Rendering /Users/nagaishogo/.rbenv/versions/2.6.1/lib/ruby/gems/2.6.0/gems/railties-5.1.6/lib/rails/templates/rails/welcome/index.html.erb
  Rendered /Users/nagaishogo/.rbenv/versions/2.6.1/lib/ruby/gems/2.6.0/gems/railties-5.1.6/lib/rails/templates/rails/welcome/index.html.erb (5.2ms)
Completed 200 OK in 13ms (Views: 7.5ms)


Started GET "/" for ::1 at 2020-06-23 22:44:27 +0900
Processing by Rails::WelcomeController#index as HTML
  Rendering /Users/nagaishogo/.rbenv/versions/2.6.1/lib/ruby/gems/2.6.0/gems/railties-5.1.6/lib/rails/templates/rails/welcome/index.html.erb
  Rendered /Users/nagaishogo/.rbenv/versions/2.6.1/lib/ruby/gems/2.6.0/gems/railties-5.1.6/lib/rails/templates/rails/welcome/index.html.erb (2.0ms)
Completed 200 OK in 6ms (Views: 3.2ms)


Started GET "/" for ::1 at 2020-06-24 11:09:49 +0900
Processing by Rails::WelcomeController#index as HTML
  Rendering /Users/nagaishogo/.rbenv/versions/2.6.1/lib/ruby/gems/2.6.0/gems/railties-5.1.6/lib/rails/templates/rails/welcome/index.html.erb
  Rendered /Users/nagaishogo/.rbenv/versions/2.6.1/lib/ruby/gems/2.6.0/gems/railties-5.1.6/lib/rails/templates/rails/welcome/index.html.erb (2.7ms)
Completed 200 OK in 5ms (Views: 3.6ms)


Started GET "/" for ::1 at 2020-06-26 00:39:47 +0900
Processing by Rails::WelcomeController#index as HTML
  Rendering /Users/nagaishogo/.rbenv/versions/2.6.1/lib/ruby/gems/2.6.0/gems/railties-5.1.6/lib/rails/templates/rails/welcome/index.html.erb
  Rendered /Users/nagaishogo/.rbenv/versions/2.6.1/lib/ruby/gems/2.6.0/gems/railties-5.1.6/lib/rails/templates/rails/welcome/index.html.erb (2.5ms)
Completed 200 OK in 10ms (Views: 3.9ms)


Started GET "/" for ::1 at 2020-06-26 15:24:29 +0900
Processing by Rails::WelcomeController#index as HTML
  Rendering /Users/nagaishogo/.rbenv/versions/2.6.1/lib/ruby/gems/2.6.0/gems/railties-5.1.6/lib/rails/templates/rails/welcome/index.html.erb
  Rendered /Users/nagaishogo/.rbenv/versions/2.6.1/lib/ruby/gems/2.6.0/gems/railties-5.1.6/lib/rails/templates/rails/welcome/index.html.erb (1.7ms)
Completed 200 OK in 6ms (Views: 2.8ms)


Started GET "/" for ::1 at 2020-06-26 15:35:31 +0900
  
Errno::ENOENT (No such file or directory @ rb_sysopen - -d):
  
config/routes.rb:2:in `gets'
config/routes.rb:2:in `gets'
config/routes.rb:2:in `block in <top (required)>'
config/routes.rb:1:in `<top (required)>'
Started GET "/" for ::1 at 2020-06-26 15:39:45 +0900
Processing by Rails::WelcomeController#index as HTML
  Rendering /Users/nagaishogo/.rbenv/versions/2.6.1/lib/ruby/gems/2.6.0/gems/railties-5.1.6/lib/rails/templates/rails/welcome/index.html.erb
  Rendered /Users/nagaishogo/.rbenv/versions/2.6.1/lib/ruby/gems/2.6.0/gems/railties-5.1.6/lib/rails/templates/rails/welcome/index.html.erb (2.3ms)
Completed 200 OK in 9ms (Views: 3.8ms)


Started GET "/nomepages" for ::1 at 2020-06-26 15:40:27 +0900
  
ActionController::RoutingError (No route matches [GET] "/nomepages"):
  
actionpack (5.1.6) lib/action_dispatch/middleware/debug_exceptions.rb:63:in `call'
web-console (3.5.1) lib/web_console/middleware.rb:135:in `call_app'
web-console (3.5.1) lib/web_console/middleware.rb:28:in `block in call'
web-console (3.5.1) lib/web_console/middleware.rb:18:in `catch'
web-console (3.5.1) lib/web_console/middleware.rb:18:in `call'
actionpack (5.1.6) lib/action_dispatch/middleware/show_exceptions.rb:31:in `call'
railties (5.1.6) lib/rails/rack/logger.rb:36:in `call_app'
railties (5.1.6) lib/rails/rack/logger.rb:24:in `block in call'
activesupport (5.1.6) lib/active_support/tagged_logging.rb:69:in `block in tagged'
activesupport (5.1.6) lib/active_support/tagged_logging.rb:26:in `tagged'
activesupport (5.1.6) lib/active_support/tagged_logging.rb:69:in `tagged'
railties (5.1.6) lib/rails/rack/logger.rb:24:in `call'
sprockets-rails (3.2.1) lib/sprockets/rails/quiet_assets.rb:13:in `call'
actionpack (5.1.6) lib/action_dispatch/middleware/remote_ip.rb:79:in `call'
actionpack (5.1.6) lib/action_dispatch/middleware/request_id.rb:25:in `call'
rack (2.2.3) lib/rack/method_override.rb:24:in `call'
rack (2.2.3) lib/rack/runtime.rb:22:in `call'
activesupport (5.1.6) lib/active_support/cache/strategy/local_cache_middleware.rb:27:in `call'
actionpack (5.1.6) lib/action_dispatch/middleware/executor.rb:12:in `call'
actionpack (5.1.6) lib/action_dispatch/middleware/static.rb:125:in `call'
rack (2.2.3) lib/rack/sendfile.rb:110:in `call'
railties (5.1.6) lib/rails/engine.rb:522:in `call'
puma (3.9.1) lib/puma/configuration.rb:224:in `call'
puma (3.9.1) lib/puma/server.rb:602:in `handle_request'
puma (3.9.1) lib/puma/server.rb:435:in `process_client'
puma (3.9.1) lib/puma/server.rb:299:in `block in run'
puma (3.9.1) lib/puma/thread_pool.rb:120:in `block in spawn_thread'
Started GET "/homepages" for ::1 at 2020-06-26 15:40:41 +0900
  
ActionController::RoutingError (No route matches [GET] "/homepages"):
  
actionpack (5.1.6) lib/action_dispatch/middleware/debug_exceptions.rb:63:in `call'
web-console (3.5.1) lib/web_console/middleware.rb:135:in `call_app'
web-console (3.5.1) lib/web_console/middleware.rb:28:in `block in call'
web-console (3.5.1) lib/web_console/middleware.rb:18:in `catch'
web-console (3.5.1) lib/web_console/middleware.rb:18:in `call'
actionpack (5.1.6) lib/action_dispatch/middleware/show_exceptions.rb:31:in `call'
railties (5.1.6) lib/rails/rack/logger.rb:36:in `call_app'
railties (5.1.6) lib/rails/rack/logger.rb:24:in `block in call'
activesupport (5.1.6) lib/active_support/tagged_logging.rb:69:in `block in tagged'
activesupport (5.1.6) lib/active_support/tagged_logging.rb:26:in `tagged'
activesupport (5.1.6) lib/active_support/tagged_logging.rb:69:in `tagged'
railties (5.1.6) lib/rails/rack/logger.rb:24:in `call'
sprockets-rails (3.2.1) lib/sprockets/rails/quiet_assets.rb:13:in `call'
actionpack (5.1.6) lib/action_dispatch/middleware/remote_ip.rb:79:in `call'
actionpack (5.1.6) lib/action_dispatch/middleware/request_id.rb:25:in `call'
rack (2.2.3) lib/rack/method_override.rb:24:in `call'
rack (2.2.3) lib/rack/runtime.rb:22:in `call'
activesupport (5.1.6) lib/active_support/cache/strategy/local_cache_middleware.rb:27:in `call'
actionpack (5.1.6) lib/action_dispatch/middleware/executor.rb:12:in `call'
actionpack (5.1.6) lib/action_dispatch/middleware/static.rb:125:in `call'
rack (2.2.3) lib/rack/sendfile.rb:110:in `call'
railties (5.1.6) lib/rails/engine.rb:522:in `call'
puma (3.9.1) lib/puma/configuration.rb:224:in `call'
puma (3.9.1) lib/puma/server.rb:602:in `handle_request'
puma (3.9.1) lib/puma/server.rb:435:in `process_client'
puma (3.9.1) lib/puma/server.rb:299:in `block in run'
puma (3.9.1) lib/puma/thread_pool.rb:120:in `block in spawn_thread'
Started GET "/homepages" for ::1 at 2020-06-26 15:40:51 +0900
  
ActionController::RoutingError (No route matches [GET] "/homepages"):
  
actionpack (5.1.6) lib/action_dispatch/middleware/debug_exceptions.rb:63:in `call'
web-console (3.5.1) lib/web_console/middleware.rb:135:in `call_app'
web-console (3.5.1) lib/web_console/middleware.rb:28:in `block in call'
web-console (3.5.1) lib/web_console/middleware.rb:18:in `catch'
web-console (3.5.1) lib/web_console/middleware.rb:18:in `call'
actionpack (5.1.6) lib/action_dispatch/middleware/show_exceptions.rb:31:in `call'
railties (5.1.6) lib/rails/rack/logger.rb:36:in `call_app'
railties (5.1.6) lib/rails/rack/logger.rb:24:in `block in call'
activesupport (5.1.6) lib/active_support/tagged_logging.rb:69:in `block in tagged'
activesupport (5.1.6) lib/active_support/tagged_logging.rb:26:in `tagged'
activesupport (5.1.6) lib/active_support/tagged_logging.rb:69:in `tagged'
railties (5.1.6) lib/rails/rack/logger.rb:24:in `call'
sprockets-rails (3.2.1) lib/sprockets/rails/quiet_assets.rb:13:in `call'
actionpack (5.1.6) lib/action_dispatch/middleware/remote_ip.rb:79:in `call'
actionpack (5.1.6) lib/action_dispatch/middleware/request_id.rb:25:in `call'
rack (2.2.3) lib/rack/method_override.rb:24:in `call'
rack (2.2.3) lib/rack/runtime.rb:22:in `call'
activesupport (5.1.6) lib/active_support/cache/strategy/local_cache_middleware.rb:27:in `call'
actionpack (5.1.6) lib/action_dispatch/middleware/executor.rb:12:in `call'
actionpack (5.1.6) lib/action_dispatch/middleware/static.rb:125:in `call'
rack (2.2.3) lib/rack/sendfile.rb:110:in `call'
railties (5.1.6) lib/rails/engine.rb:522:in `call'
puma (3.9.1) lib/puma/configuration.rb:224:in `call'
puma (3.9.1) lib/puma/server.rb:602:in `handle_request'
puma (3.9.1) lib/puma/server.rb:435:in `process_client'
puma (3.9.1) lib/puma/server.rb:299:in `block in run'
puma (3.9.1) lib/puma/thread_pool.rb:120:in `block in spawn_thread'
Started GET "/homepages" for ::1 at 2020-06-26 15:41:55 +0900
Processing by HomepagesController#home as HTML
  Rendering homepages/home.html.erb within layouts/application
  Rendered homepages/home.html.erb within layouts/application (0.6ms)
Completed 200 OK in 904ms (Views: 903.1ms)


Started GET "/homepages" for ::1 at 2020-06-26 15:45:39 +0900
Processing by HomepagesController#home as HTML
  Rendering homepages/home.html.erb within layouts/application
  Rendered homepages/home.html.erb within layouts/application (195.2ms)
Completed 500 Internal Server Error in 201ms


  
ActionView::Template::Error (undefined method `to' for #<#<Class:0x00007f7ef186d680>:0x00007f7eece7a8e8>
Did you mean?  t):
    1: <h1>MoneyBookへようこそ</h1>
    2: <%= link to "新規会員登録", "#" %>
  
app/views/homepages/home.html.erb:2:in `_app_views_homepages_home_html_erb__2171069989062387197_70091558667240'
Started GET "/homepages" for ::1 at 2020-06-26 15:46:24 +0900
Processing by HomepagesController#home as HTML
  Rendering homepages/home.html.erb within layouts/application
  Rendered homepages/home.html.erb within layouts/application (136.9ms)
Completed 500 Internal Server Error in 140ms


  
ActionView::Template::Error (undefined method `to' for #<#<Class:0x00007f7ef186d680>:0x00007f7eed62b380>
Did you mean?  t):
    1: <h1>MoneyBookへようこそ</h1>
    2: <%= link to "新規会員登録", homepages_path %>
  
app/views/homepages/home.html.erb:2:in `_app_views_homepages_home_html_erb__2171069989062387197_70091562615820'
Started GET "/homepages" for ::1 at 2020-06-26 15:46:54 +0900
Processing by HomepagesController#home as HTML
  Rendering homepages/home.html.erb within layouts/application
  Rendered homepages/home.html.erb within layouts/application (0.5ms)
Completed 200 OK in 36ms (Views: 34.8ms)


Started GET "/homepages" for ::1 at 2020-06-26 15:46:56 +0900
Processing by HomepagesController#home as HTML
  Rendering homepages/home.html.erb within layouts/application
  Rendered homepages/home.html.erb within layouts/application (0.5ms)
Completed 200 OK in 22ms (Views: 20.2ms)


Started GET "/homepages" for ::1 at 2020-06-26 15:47:05 +0900
Processing by HomepagesController#home as HTML
  Rendering homepages/home.html.erb within layouts/application
  Rendered homepages/home.html.erb within layouts/application (0.5ms)
Completed 200 OK in 16ms (Views: 14.6ms)


Started GET "/homepages" for ::1 at 2020-06-26 15:47:07 +0900
Processing by HomepagesController#home as HTML
  Rendering homepages/home.html.erb within layouts/application
  Rendered homepages/home.html.erb within layouts/application (0.7ms)
Completed 200 OK in 26ms (Views: 24.5ms)


Started GET "/homepages" for ::1 at 2020-06-26 15:47:26 +0900
Processing by HomepagesController#home as HTML
  Rendering homepages/home.html.erb within layouts/application
  Rendered homepages/home.html.erb within layouts/application (0.4ms)
Completed 200 OK in 14ms (Views: 12.6ms)


Started GET "/homepages" for ::1 at 2020-06-26 15:48:01 +0900
Processing by HomepagesController#home as HTML
  Rendering homepages/home.html.erb within layouts/application
  Rendered homepages/home.html.erb within layouts/application (0.4ms)
Completed 200 OK in 15ms (Views: 14.2ms)


Started GET "/homepages" for ::1 at 2020-06-26 15:53:04 +0900
Processing by HomepagesController#home as HTML
  Rendering homepages/home.html.erb within layouts/application
  Rendered homepages/home.html.erb within layouts/application (0.4ms)
Completed 200 OK in 91ms (Views: 90.0ms)


Started GET "/homepages" for ::1 at 2020-06-26 15:53:06 +0900
Processing by HomepagesController#home as HTML
  Rendering homepages/home.html.erb within layouts/application
  Rendered homepages/home.html.erb within layouts/application (0.4ms)
Completed 200 OK in 17ms (Views: 15.4ms)


Started GET "/homepages" for ::1 at 2020-06-26 15:53:54 +0900
Processing by HomepagesController#home as HTML
  Rendering homepages/home.html.erb within layouts/application
  Rendered homepages/home.html.erb within layouts/application (3.0ms)
Completed 200 OK in 837ms (Views: 429.5ms)


Started GET "/homepages" for ::1 at 2020-06-26 15:59:40 +0900
Processing by HomepagesController#home as HTML
  Rendering homepages/home.html.erb within layouts/application
  Rendered homepages/home.html.erb within layouts/application (0.5ms)
Completed 200 OK in 119ms (Views: 117.6ms)


Started GET "/users/new" for ::1 at 2020-06-26 15:59:42 +0900
Processing by UsersController#new as HTML
  Rendering users/new.html.erb within layouts/application
  Rendered users/new.html.erb within layouts/application (0.5ms)
Completed 200 OK in 31ms (Views: 28.5ms)


  [1m[35m (0.1ms)[0m  [1m[34mSELECT sqlite_version(*)[0m
  [1m[35m (2.8ms)[0m  [1m[35mCREATE TABLE "schema_migrations" ("version" varchar NOT NULL PRIMARY KEY)[0m
  [1m[35m (2.4ms)[0m  [1m[35mCREATE TABLE "ar_internal_metadata" ("key" varchar NOT NULL PRIMARY KEY, "value" varchar, "created_at" datetime NOT NULL, "updated_at" datetime NOT NULL)[0m
  [1m[35m (0.2ms)[0m  [1m[34mSELECT "schema_migrations"."version" FROM "schema_migrations" ORDER BY "schema_migrations"."version" ASC[0m
Migrating to CreateUsers (20200626070541)
  [1m[35m (0.1ms)[0m  [1m[36mbegin transaction[0m
  [1m[35m (0.6ms)[0m  [1m[35mCREATE TABLE "users" ("id" INTEGER PRIMARY KEY AUTOINCREMENT NOT NULL, "email" varchar, "password_digest" varchar, "created_at" datetime NOT NULL, "updated_at" datetime NOT NULL)[0m
  [1m[35mSQL (0.2ms)[0m  [1m[32mINSERT INTO "schema_migrations" ("version") VALUES (?)[0m  [["version", "20200626070541"]]
  [1m[35m (1.8ms)[0m  [1m[36mcommit transaction[0m
Migrating to AddIndexToUsersEmail (20200626071539)
  [1m[35m (0.1ms)[0m  [1m[36mbegin transaction[0m
  [1m[35m (0.3ms)[0m  [1m[35mCREATE UNIQUE INDEX "index_users_on_email" ON "users" ("email")[0m
  [1m[35mSQL (0.2ms)[0m  [1m[32mINSERT INTO "schema_migrations" ("version") VALUES (?)[0m  [["version", "20200626071539"]]
  [1m[35m (1.9ms)[0m  [1m[36mcommit transaction[0m
  [1m[36mActiveRecord::InternalMetadata Load (0.1ms)[0m  [1m[34mSELECT  "ar_internal_metadata".* FROM "ar_internal_metadata" WHERE "ar_internal_metadata"."key" = ? LIMIT ?[0m  [["key", "environment"], ["LIMIT", 1]]
  [1m[35m (0.1ms)[0m  [1m[36mbegin transaction[0m
  [1m[35mSQL (0.5ms)[0m  [1m[32mINSERT INTO "ar_internal_metadata" ("key", "value", "created_at", "updated_at") VALUES (?, ?, ?, ?)[0m  [["key", "environment"], ["value", "development"], ["created_at", "2020-06-26 07:19:07.578402"], ["updated_at", "2020-06-26 07:19:07.578402"]]
  [1m[35m (1.9ms)[0m  [1m[36mcommit transaction[0m
  [1m[35m (0.2ms)[0m  [1m[34mSELECT "schema_migrations"."version" FROM "schema_migrations" ORDER BY "schema_migrations"."version" ASC[0m
  [1m[35m (0.1ms)[0m  [1m[34m            SELECT sql
            FROM sqlite_master
            WHERE name='index_users_on_email' AND type='index'
            UNION ALL
            SELECT sql
            FROM sqlite_temp_master
            WHERE name='index_users_on_email' AND type='index'
[0m
Started GET "/homepages" for ::1 at 2020-06-26 16:21:13 +0900
Processing by HomepagesController#home as HTML
  Rendering homepages/home.html.erb within layouts/application
  Rendered homepages/home.html.erb within layouts/application (0.5ms)
Completed 200 OK in 39ms (Views: 38.2ms)


Started GET "/homepages" for ::1 at 2020-06-26 16:33:59 +0900
Processing by HomepagesController#home as HTML
  Rendering homepages/home.html.erb within layouts/application
  Rendered homepages/home.html.erb within layouts/application (0.8ms)
Completed 200 OK in 35ms (Views: 33.5ms)


Started GET "/users/new" for ::1 at 2020-06-26 16:34:01 +0900
Processing by UsersController#new as HTML
Completed 500 Internal Server Error in 88ms


  
ArgumentError (Unknown validator: 'UniquencessValidator'):
  
app/models/user.rb:6:in `<class:User>'
app/models/user.rb:1:in `<top (required)>'
app/controllers/users_controller.rb:7:in `new'
Started GET "/users/new" for ::1 at 2020-06-26 16:34:44 +0900
Processing by UsersController#new as HTML
  Rendering users/new.html.erb within layouts/application
  Rendered users/new.html.erb within layouts/application (48.9ms)
Completed 200 OK in 122ms (Views: 84.9ms | ActiveRecord: 6.1ms)


Started POST "/users" for ::1 at 2020-06-26 16:34:52 +0900
Processing by UsersController#create as HTML
  Parameters: {"utf8"=>"✓", "authenticity_token"=>"4H35mPcU1fpT4YG93nOwu114hGAi5ZKBGuaSuACKtTVWXgy85FJA09H+4Lg/XBBqetLvjb1+YQkZlVNEV2Rwog==", "user"=>{"email"=>"", "password"=>"[FILTERED]", "password_confirmation"=>"[FILTERED]"}, "commit"=>"Create User"}
Completed 500 Internal Server Error in 350ms (ActiveRecord: 0.0ms)


  
NameError (undefined local variable or method `user_prams' for #<UsersController:0x00007fb35e9aa088>
Did you mean?  user_params
               user_path):
  
app/controllers/users_controller.rb:11:in `create'
Started POST "/users" for ::1 at 2020-06-26 16:35:40 +0900
Processing by UsersController#create as HTML
  Parameters: {"utf8"=>"✓", "authenticity_token"=>"4H35mPcU1fpT4YG93nOwu114hGAi5ZKBGuaSuACKtTVWXgy85FJA09H+4Lg/XBBqetLvjb1+YQkZlVNEV2Rwog==", "user"=>{"email"=>"", "password"=>"[FILTERED]", "password_confirmation"=>"[FILTERED]"}, "commit"=>"Create User"}
  [1m[35m (0.1ms)[0m  [1m[36mbegin transaction[0m
  [1m[36mUser Exists (0.3ms)[0m  [1m[34mSELECT  1 AS one FROM "users" WHERE LOWER("users"."email") = LOWER(?) LIMIT ?[0m  [["email", ""], ["LIMIT", 1]]
  [1m[35m (0.1ms)[0m  [1m[31mrollback transaction[0m
No template found for UsersController#create, rendering head :no_content
Completed 204 No Content in 109ms (ActiveRecord: 2.8ms)


Started GET "/users/new" for ::1 at 2020-06-26 16:35:47 +0900
Processing by UsersController#new as HTML
  Rendering users/new.html.erb within layouts/application
  Rendered users/new.html.erb within layouts/application (4.6ms)
Completed 200 OK in 55ms (Views: 53.6ms | ActiveRecord: 0.0ms)


Started POST "/users" for ::1 at 2020-06-26 16:35:49 +0900
Processing by UsersController#create as HTML
  Parameters: {"utf8"=>"✓", "authenticity_token"=>"U/ZnJNawZRAGlCYi47sgSkASnJ8QOsBDUKRBUoDD8jDl1ZIAxfbwOYSLRycClICbZ7j3co+hM8tT14Cu1y03pw==", "user"=>{"email"=>"", "password"=>"[FILTERED]", "password_confirmation"=>"[FILTERED]"}, "commit"=>"Create User"}
  [1m[35m (0.1ms)[0m  [1m[36mbegin transaction[0m
  [1m[36mUser Exists (0.2ms)[0m  [1m[34mSELECT  1 AS one FROM "users" WHERE LOWER("users"."email") = LOWER(?) LIMIT ?[0m  [["email", ""], ["LIMIT", 1]]
  [1m[35m (0.1ms)[0m  [1m[31mrollback transaction[0m
No template found for UsersController#create, rendering head :no_content
Completed 204 No Content in 54ms (ActiveRecord: 0.4ms)


Started GET "/users/new" for ::1 at 2020-06-26 16:35:51 +0900
Processing by UsersController#new as HTML
  Rendering users/new.html.erb within layouts/application
  Rendered users/new.html.erb within layouts/application (4.1ms)
Completed 200 OK in 36ms (Views: 34.1ms | ActiveRecord: 0.0ms)


Started POST "/users" for ::1 at 2020-06-26 16:36:48 +0900
Processing by UsersController#create as HTML
  Parameters: {"utf8"=>"✓", "authenticity_token"=>"Zs1Y+hiRi+2PGK9LMNCrHAHL0S6TobqUUAyOcR0d3qTQ7q3eC9cexA0Hzk7R/wvNJmG6www6SRxTf0+NSvMbMw==", "user"=>{"email"=>"nagaishogo0407@yahoo.co.jpnagaishogo0407@yahoo.co.jp", "password"=>"[FILTERED]", "password_confirmation"=>"[FILTERED]"}, "commit"=>"Create User"}
  [1m[35m (0.1ms)[0m  [1m[36mbegin transaction[0m
  [1m[36mUser Exists (0.3ms)[0m  [1m[34mSELECT  1 AS one FROM "users" WHERE LOWER("users"."email") = LOWER(?) LIMIT ?[0m  [["email", "nagaishogo0407@yahoo.co.jpnagaishogo0407@yahoo.co.jp"], ["LIMIT", 1]]
  [1m[35m (0.1ms)[0m  [1m[31mrollback transaction[0m
No template found for UsersController#create, rendering head :no_content
Completed 204 No Content in 139ms (ActiveRecord: 0.5ms)


Started GET "/users/new" for ::1 at 2020-06-26 16:39:03 +0900
  
SyntaxError (/Users/nagaishogo/money-book/app/controllers/users_controller.rb:13: syntax error, unexpected tIDENTIFIER, expecting end
...irect_ro user(params[:id])_path
...                          ^~~~~):
  
app/controllers/users_controller.rb:13: syntax error, unexpected tIDENTIFIER, expecting end
Started GET "/users/new" for ::1 at 2020-06-26 16:40:18 +0900
Processing by UsersController#new as HTML
  Rendering users/new.html.erb within layouts/application
  Rendered users/new.html.erb within layouts/application (4.7ms)
Completed 200 OK in 83ms (Views: 56.1ms | ActiveRecord: 1.6ms)


Started POST "/users" for ::1 at 2020-06-26 16:40:27 +0900
Processing by UsersController#create as HTML
  Parameters: {"utf8"=>"✓", "authenticity_token"=>"vXgcPwSJsrDwmHAm6fSGB4Ht/BhlvOMvPodwAGUOkFoLW+kbF88nmXKHESMI2ybWpkeX9fonEKc99LH8MuBVzQ==", "user"=>{"email"=>"nagai@gmail.com", "password"=>"[FILTERED]", "password_confirmation"=>"[FILTERED]"}, "commit"=>"Create User"}
  [1m[35m (0.1ms)[0m  [1m[36mbegin transaction[0m
  [1m[36mUser Exists (0.5ms)[0m  [1m[34mSELECT  1 AS one FROM "users" WHERE LOWER("users"."email") = LOWER(?) LIMIT ?[0m  [["email", "nagai@gmail.com"], ["LIMIT", 1]]
  [1m[35mSQL (0.7ms)[0m  [1m[32mINSERT INTO "users" ("email", "password_digest", "created_at", "updated_at") VALUES (?, ?, ?, ?)[0m  [["email", "nagai@gmail.com"], ["password_digest", "$2a$10$rrtKQXi1Fo2WnQ/cysAlcufyj0WDav5fJ.0zkf88Os5zfuAZx69uS"], ["created_at", "2020-06-26 07:40:28.087494"], ["updated_at", "2020-06-26 07:40:28.087494"]]
  [1m[35m (1.9ms)[0m  [1m[36mcommit transaction[0m
Completed 500 Internal Server Error in 286ms (ActiveRecord: 3.3ms)


  
NoMethodError (undefined method `redirect_ro' for #<UsersController:0x00007fb358bd0958>
Did you mean?  redirect_to):
  
app/controllers/users_controller.rb:13:in `create'
Started POST "/users" for ::1 at 2020-06-26 16:41:23 +0900
Processing by UsersController#create as HTML
  Parameters: {"utf8"=>"✓", "authenticity_token"=>"vXgcPwSJsrDwmHAm6fSGB4Ht/BhlvOMvPodwAGUOkFoLW+kbF88nmXKHESMI2ybWpkeX9fonEKc99LH8MuBVzQ==", "user"=>{"email"=>"nagai@gmail.com", "password"=>"[FILTERED]", "password_confirmation"=>"[FILTERED]"}, "commit"=>"Create User"}
  [1m[35m (0.1ms)[0m  [1m[36mbegin transaction[0m
  [1m[36mUser Exists (0.2ms)[0m  [1m[34mSELECT  1 AS one FROM "users" WHERE LOWER("users"."email") = LOWER(?) LIMIT ?[0m  [["email", "nagai@gmail.com"], ["LIMIT", 1]]
  [1m[35m (0.1ms)[0m  [1m[31mrollback transaction[0m
No template found for UsersController#create, rendering head :no_content
Completed 204 No Content in 168ms (ActiveRecord: 2.8ms)


Started POST "/users" for ::1 at 2020-06-26 16:41:57 +0900
Processing by UsersController#create as HTML
  Parameters: {"utf8"=>"✓", "authenticity_token"=>"vXgcPwSJsrDwmHAm6fSGB4Ht/BhlvOMvPodwAGUOkFoLW+kbF88nmXKHESMI2ybWpkeX9fonEKc99LH8MuBVzQ==", "user"=>{"email"=>"nagai@gmail.com", "password"=>"[FILTERED]", "password_confirmation"=>"[FILTERED]"}, "commit"=>"Create User"}
  [1m[35m (0.1ms)[0m  [1m[36mbegin transaction[0m
  [1m[36mUser Exists (0.3ms)[0m  [1m[34mSELECT  1 AS one FROM "users" WHERE LOWER("users"."email") = LOWER(?) LIMIT ?[0m  [["email", "nagai@gmail.com"], ["LIMIT", 1]]
  [1m[35m (0.1ms)[0m  [1m[31mrollback transaction[0m
No template found for UsersController#create, rendering head :no_content
Completed 204 No Content in 172ms (ActiveRecord: 1.9ms)


Started GET "/users/new" for ::1 at 2020-06-26 16:42:02 +0900
Processing by UsersController#new as HTML
  Rendering users/new.html.erb within layouts/application
  Rendered users/new.html.erb within layouts/application (5.5ms)
Completed 200 OK in 55ms (Views: 53.0ms | ActiveRecord: 0.0ms)


Started POST "/users" for ::1 at 2020-06-26 16:44:16 +0900
Processing by UsersController#create as HTML
  Parameters: {"utf8"=>"✓", "authenticity_token"=>"mlEZTzLTEYaf1Nc4HO8gRhWk8yQEyTGts8qZ3gzpCYcscuxrIZWErx3Ltj39wICXMg6YyZtSwiWwuVgiWwfMEA==", "user"=>{"email"=>"nagai@gmail.com", "password"=>"[FILTERED]", "password_confirmation"=>"[FILTERED]"}, "commit"=>"Create User"}
  [1m[35m (0.1ms)[0m  [1m[36mbegin transaction[0m
  [1m[36mUser Exists (0.3ms)[0m  [1m[34mSELECT  1 AS one FROM "users" WHERE LOWER("users"."email") = LOWER(?) LIMIT ?[0m  [["email", "nagai@gmail.com"], ["LIMIT", 1]]
  [1m[35m (0.2ms)[0m  [1m[31mrollback transaction[0m
No template found for UsersController#create, rendering head :no_content
Completed 204 No Content in 160ms (ActiveRecord: 2.0ms)


Started GET "/users/new" for ::1 at 2020-06-26 16:45:53 +0900
Processing by UsersController#new as HTML
  Rendering users/new.html.erb within layouts/application
  Rendered users/new.html.erb within layouts/application (4.2ms)
Completed 200 OK in 78ms (Views: 73.7ms | ActiveRecord: 0.0ms)


Started POST "/users" for ::1 at 2020-06-26 16:45:59 +0900
Processing by UsersController#create as HTML
  Parameters: {"utf8"=>"✓", "authenticity_token"=>"y7wtY7rq55JsLoQDD7BNI2W06QgCMkyy1m/4ZYIOUDh9n9hHqaxyu+4x5Qbun+3yQh6C5Z2pvzrVHDmZ1eCVrw==", "user"=>{"email"=>"a@gmail.com", "password"=>"[FILTERED]", "password_confirmation"=>"[FILTERED]"}, "commit"=>"Create User"}
  [1m[35m (1.0ms)[0m  [1m[36mbegin transaction[0m
  [1m[36mUser Exists (0.3ms)[0m  [1m[34mSELECT  1 AS one FROM "users" WHERE LOWER("users"."email") = LOWER(?) LIMIT ?[0m  [["email", "a@gmail.com"], ["LIMIT", 1]]
  [1m[35mSQL (0.9ms)[0m  [1m[32mINSERT INTO "users" ("email", "password_digest", "created_at", "updated_at") VALUES (?, ?, ?, ?)[0m  [["email", "a@gmail.com"], ["password_digest", "$2a$10$vSx6veR0vExT6CiBpBM1b.82thLd/onwNYlYn9QtejA7Jziestbb."], ["created_at", "2020-06-26 07:45:59.685670"], ["updated_at", "2020-06-26 07:45:59.685670"]]
  [1m[35m (4.3ms)[0m  [1m[36mcommit transaction[0m
Redirected to http://localhost:3000/users/2
Completed 302 Found in 116ms (ActiveRecord: 6.5ms)


Started GET "/users/2" for ::1 at 2020-06-26 16:45:59 +0900
Processing by UsersController#show as HTML
  Parameters: {"id"=>"2"}
  [1m[36mUser Load (0.5ms)[0m  [1m[34mSELECT  "users".* FROM "users" WHERE "users"."id" = ? LIMIT ?[0m  [["id", 2], ["LIMIT", 1]]
  Rendering users/show.html.erb within layouts/application
  Rendered users/show.html.erb within layouts/application (1.0ms)
Completed 200 OK in 59ms (Views: 41.9ms | ActiveRecord: 0.5ms)


Started GET "/users/1" for ::1 at 2020-06-26 16:47:30 +0900
Processing by UsersController#show as HTML
  Parameters: {"id"=>"1"}
  [1m[36mUser Load (0.3ms)[0m  [1m[34mSELECT  "users".* FROM "users" WHERE "users"."id" = ? LIMIT ?[0m  [["id", 1], ["LIMIT", 1]]
  Rendering users/show.html.erb within layouts/application
  Rendered users/show.html.erb within layouts/application (0.5ms)
Completed 200 OK in 114ms (Views: 110.9ms | ActiveRecord: 0.3ms)


Started GET "/users/new" for ::1 at 2020-06-26 16:47:44 +0900
Processing by UsersController#new as HTML
  Rendering users/new.html.erb within layouts/application
  Rendered users/new.html.erb within layouts/application (7.8ms)
Completed 200 OK in 82ms (Views: 76.7ms | ActiveRecord: 0.0ms)


Started GET "/users/new" for ::1 at 2020-06-26 16:50:38 +0900
Processing by UsersController#new as HTML
  Rendering users/new.html.erb within layouts/application
  Rendered users/new.html.erb within layouts/application (1.5ms)
Completed 500 Internal Server Error in 7ms (ActiveRecord: 0.0ms)


  
SyntaxError (/Users/nagaishogo/money-book/app/views/users/new.html.erb:9: syntax error, unexpected ')', expecting '.' or &. or :: or '['
....submit, "新規会員登録" );@output_buffer.safe_append='...
...                              ^
/Users/nagaishogo/money-book/app/views/users/new.html.erb:10: syntax error, unexpected end, expecting ')'
'.freeze; end 
          ^~~
/Users/nagaishogo/money-book/app/views/users/new.html.erb:12: syntax error, unexpected ensure, expecting ')'
          ensure
          ^~~~~~
/Users/nagaishogo/money-book/app/views/users/new.html.erb:14: syntax error, unexpected end, expecting ')'
          end
          ^~~):
  
app/views/users/new.html.erb:9: syntax error, unexpected ')', expecting '.' or &. or :: or '['
app/views/users/new.html.erb:10: syntax error, unexpected end, expecting ')'
app/views/users/new.html.erb:12: syntax error, unexpected ensure, expecting ')'
app/views/users/new.html.erb:14: syntax error, unexpected end, expecting ')'
Started GET "/users/new" for ::1 at 2020-06-26 16:52:07 +0900
Processing by UsersController#new as HTML
  Rendering users/new.html.erb within layouts/application
  Rendered users/new.html.erb within layouts/application (7.1ms)
Completed 200 OK in 72ms (Views: 69.1ms | ActiveRecord: 0.0ms)


Started POST "/users" for ::1 at 2020-06-26 16:52:32 +0900
Processing by UsersController#create as HTML
  Parameters: {"utf8"=>"✓", "authenticity_token"=>"tgCrmVcxIManCN7nqy07BGlOsZtgjOv9LvyLBMinhpAAI169RHe17yUXv+JKApvVTuTadv8XGHUtj0r4n0lDBw==", "user"=>{"email"=>"nagai@gmail.com", "password"=>"[FILTERED]", "password_confirmation"=>"[FILTERED]"}, "commit"=>"新規会員登録"}
  [1m[35m (0.6ms)[0m  [1m[36mbegin transaction[0m
  [1m[36mUser Exists (0.4ms)[0m  [1m[34mSELECT  1 AS one FROM "users" WHERE LOWER("users"."email") = LOWER(?) LIMIT ?[0m  [["email", "nagai@gmail.com"], ["LIMIT", 1]]
  [1m[35m (0.1ms)[0m  [1m[31mrollback transaction[0m
No template found for UsersController#create, rendering head :no_content
Completed 204 No Content in 134ms (ActiveRecord: 1.1ms)


Started GET "/users/new" for ::1 at 2020-06-26 16:52:46 +0900
Processing by UsersController#new as HTML
  Rendering users/new.html.erb within layouts/application
  Rendered users/new.html.erb within layouts/application (2.7ms)
Completed 200 OK in 64ms (Views: 61.4ms | ActiveRecord: 0.0ms)


Started POST "/users" for ::1 at 2020-06-26 16:52:48 +0900
Processing by UsersController#create as HTML
  Parameters: {"utf8"=>"✓", "authenticity_token"=>"sXQ1Irg78ZZ48fhKgRaMhKU4lOlLGPsoGkveUxLD/QcHV8AGq31kv/rumU9gOSxVgpL/BNSDCKAZOB+vRS04kA==", "user"=>{"email"=>"a@gmail.com", "password"=>"[FILTERED]", "password_confirmation"=>"[FILTERED]"}, "commit"=>"新規会員登録"}
  [1m[35m (0.1ms)[0m  [1m[36mbegin transaction[0m
  [1m[36mUser Exists (0.3ms)[0m  [1m[34mSELECT  1 AS one FROM "users" WHERE LOWER("users"."email") = LOWER(?) LIMIT ?[0m  [["email", "a@gmail.com"], ["LIMIT", 1]]
  [1m[35m (0.1ms)[0m  [1m[31mrollback transaction[0m
No template found for UsersController#create, rendering head :no_content
Completed 204 No Content in 46ms (ActiveRecord: 0.5ms)


Started GET "/users/new" for ::1 at 2020-06-26 16:53:01 +0900
Processing by UsersController#new as HTML
  Rendering users/new.html.erb within layouts/application
  Rendered users/new.html.erb within layouts/application (3.7ms)
Completed 200 OK in 55ms (Views: 52.1ms | ActiveRecord: 0.0ms)


Started GET "/users/new" for ::1 at 2020-06-26 16:53:30 +0900
Processing by UsersController#new as HTML
  Rendering users/new.html.erb within layouts/application
  Rendered users/new.html.erb within layouts/application (3.6ms)
Completed 200 OK in 59ms (Views: 34.8ms | ActiveRecord: 2.0ms)


Started POST "/users" for ::1 at 2020-06-26 16:53:33 +0900
Processing by UsersController#create as HTML
  Parameters: {"utf8"=>"✓", "authenticity_token"=>"hIZ7gwtuZO0yaxHUE/1oI4b0QTbeaV+RKxIAxpBGM90ypY6nGCjxxLB0cNHy0sjyoV4q20HyrBkoYcE6x6j2Sg==", "user"=>{"email"=>"nagai@gmail.com", "password"=>"[FILTERED]", "password_confirmation"=>"[FILTERED]"}, "commit"=>"新規会員登録"}
  [1m[35m (0.1ms)[0m  [1m[36mbegin transaction[0m
  [1m[36mUser Exists (0.3ms)[0m  [1m[34mSELECT  1 AS one FROM "users" WHERE LOWER("users"."email") = LOWER(?) LIMIT ?[0m  [["email", "nagai@gmail.com"], ["LIMIT", 1]]
  [1m[35m (0.1ms)[0m  [1m[31mrollback transaction[0m
  Rendering users/new.html.erb within layouts/application
  Rendered users/new.html.erb within layouts/application (2.1ms)
Completed 200 OK in 41ms (Views: 31.5ms | ActiveRecord: 0.6ms)


Started POST "/users" for ::1 at 2020-06-26 16:53:37 +0900
Processing by UsersController#create as HTML
  Parameters: {"utf8"=>"✓", "authenticity_token"=>"AoDXEv9TdJTdgM5Ds04muaPrDGMoPyrRUbwM7mU2pCC0oyI27BXhvV+fr0ZSYYZohEFnjrek2VlSz80SMthhtw==", "user"=>{"email"=>"nagai@gmail.com", "password"=>"[FILTERED]", "password_confirmation"=>"[FILTERED]"}, "commit"=>"新規会員登録"}
  [1m[35m (0.1ms)[0m  [1m[36mbegin transaction[0m
  [1m[36mUser Exists (0.3ms)[0m  [1m[34mSELECT  1 AS one FROM "users" WHERE LOWER("users"."email") = LOWER(?) LIMIT ?[0m  [["email", "nagai@gmail.com"], ["LIMIT", 1]]
  [1m[35m (0.1ms)[0m  [1m[31mrollback transaction[0m
  Rendering users/new.html.erb within layouts/application
  Rendered users/new.html.erb within layouts/application (1.7ms)
Completed 200 OK in 118ms (Views: 32.4ms | ActiveRecord: 0.5ms)


Started POST "/users" for ::1 at 2020-06-26 16:53:38 +0900
Processing by UsersController#create as HTML
  Parameters: {"utf8"=>"✓", "authenticity_token"=>"geuzrqVa+8su8AHu9omHbSurdHhyuxJ9cExJ9y8bQm83yEaKthxu4qzvYOsXpie8DAEfle0g4fVzP4gLePWH+A==", "user"=>{"email"=>"nagai@gmail.com", "password"=>"[FILTERED]", "password_confirmation"=>"[FILTERED]"}, "commit"=>"新規会員登録"}
  [1m[35m (0.1ms)[0m  [1m[36mbegin transaction[0m
  [1m[36mUser Exists (0.2ms)[0m  [1m[34mSELECT  1 AS one FROM "users" WHERE LOWER("users"."email") = LOWER(?) LIMIT ?[0m  [["email", "nagai@gmail.com"], ["LIMIT", 1]]
  [1m[35m (0.2ms)[0m  [1m[31mrollback transaction[0m
  Rendering users/new.html.erb within layouts/application
  Rendered users/new.html.erb within layouts/application (3.8ms)
Completed 200 OK in 145ms (Views: 44.4ms | ActiveRecord: 0.5ms)


Started POST "/users" for ::1 at 2020-06-26 16:53:39 +0900
Processing by UsersController#create as HTML
  Parameters: {"utf8"=>"✓", "authenticity_token"=>"yVfUw7hcWNAd3lsaVl3W9vcoturWW6bs8iLhAQ40mXV/dCHnqxrN+Z/BOh+3cnYn0ILdB0nAVWTxUSD9Wdpc4g==", "user"=>{"email"=>"nagai@gmail.com", "password"=>"[FILTERED]", "password_confirmation"=>"[FILTERED]"}, "commit"=>"新規会員登録"}
  [1m[35m (0.1ms)[0m  [1m[36mbegin transaction[0m
  [1m[36mUser Exists (0.3ms)[0m  [1m[34mSELECT  1 AS one FROM "users" WHERE LOWER("users"."email") = LOWER(?) LIMIT ?[0m  [["email", "nagai@gmail.com"], ["LIMIT", 1]]
  [1m[35m (0.1ms)[0m  [1m[31mrollback transaction[0m
  Rendering users/new.html.erb within layouts/application
  Rendered users/new.html.erb within layouts/application (2.2ms)
Completed 200 OK in 182ms (Views: 55.4ms | ActiveRecord: 0.5ms)


Started POST "/users" for ::1 at 2020-06-26 16:54:00 +0900
Processing by UsersController#create as HTML
  Parameters: {"utf8"=>"✓", "authenticity_token"=>"bXopLlFMvo5HXrpTRMCNqRaH3nc9cA5L9Z9QOsgwhp/bWdwKQgorp8VB21al7y14MS21mqLr/cP27JHGn95DCA==", "user"=>{"email"=>"a@gmail.com", "password"=>"[FILTERED]", "password_confirmation"=>"[FILTERED]"}, "commit"=>"新規会員登録"}
  [1m[35m (0.2ms)[0m  [1m[36mbegin transaction[0m
  [1m[36mUser Exists (0.3ms)[0m  [1m[34mSELECT  1 AS one FROM "users" WHERE LOWER("users"."email") = LOWER(?) LIMIT ?[0m  [["email", "a@gmail.com"], ["LIMIT", 1]]
  [1m[35m (0.1ms)[0m  [1m[31mrollback transaction[0m
  Rendering users/new.html.erb within layouts/application
  Rendered users/new.html.erb within layouts/application (2.3ms)
Completed 200 OK in 182ms (Views: 76.7ms | ActiveRecord: 0.6ms)


Started POST "/users" for ::1 at 2020-06-26 16:54:09 +0900
Processing by UsersController#create as HTML
  Parameters: {"utf8"=>"✓", "authenticity_token"=>"x7AMZdQyrXaCx6xVZeZY3hld7QK+FuYTzzP8jGheuJ5xk/lBx3Q4XwDYzVCEyfgPPveG7yGNFZvMQD1wP7B9CQ==", "user"=>{"email"=>"av@gmail.com", "password"=>"[FILTERED]", "password_confirmation"=>"[FILTERED]"}, "commit"=>"新規会員登録"}
  [1m[35m (0.1ms)[0m  [1m[36mbegin transaction[0m
  [1m[36mUser Exists (0.3ms)[0m  [1m[34mSELECT  1 AS one FROM "users" WHERE LOWER("users"."email") = LOWER(?) LIMIT ?[0m  [["email", "av@gmail.com"], ["LIMIT", 1]]
  [1m[35mSQL (0.7ms)[0m  [1m[32mINSERT INTO "users" ("email", "password_digest", "created_at", "updated_at") VALUES (?, ?, ?, ?)[0m  [["email", "av@gmail.com"], ["password_digest", "$2a$10$sWr/ul1RJbGF/3f77o3zJO.OlDlcbtAuduK8KF3Cr.e5zt6yI7G6S"], ["created_at", "2020-06-26 07:54:09.401533"], ["updated_at", "2020-06-26 07:54:09.401533"]]
  [1m[35m (2.0ms)[0m  [1m[36mcommit transaction[0m
Redirected to http://localhost:3000/users/3
Completed 302 Found in 86ms (ActiveRecord: 3.0ms)


Started GET "/users/3" for ::1 at 2020-06-26 16:54:09 +0900
Processing by UsersController#show as HTML
  Parameters: {"id"=>"3"}
  [1m[36mUser Load (0.3ms)[0m  [1m[34mSELECT  "users".* FROM "users" WHERE "users"."id" = ? LIMIT ?[0m  [["id", 3], ["LIMIT", 1]]
  Rendering users/show.html.erb within layouts/application
  Rendered users/show.html.erb within layouts/application (0.7ms)
Completed 200 OK in 39ms (Views: 36.3ms | ActiveRecord: 0.3ms)


Started GET "/users/4" for ::1 at 2020-06-26 16:54:18 +0900
Processing by UsersController#show as HTML
  Parameters: {"id"=>"4"}
  [1m[36mUser Load (0.8ms)[0m  [1m[34mSELECT  "users".* FROM "users" WHERE "users"."id" = ? LIMIT ?[0m  [["id", 4], ["LIMIT", 1]]
Completed 404 Not Found in 4ms (ActiveRecord: 0.8ms)


  
ActiveRecord::RecordNotFound (Couldn't find User with 'id'=4):
  
app/controllers/users_controller.rb:3:in `show'
Started GET "/homepages" for ::1 at 2020-06-26 16:54:47 +0900
Processing by HomepagesController#home as HTML
  Rendering homepages/home.html.erb within layouts/application
  Rendered homepages/home.html.erb within layouts/application (1.8ms)
Completed 200 OK in 94ms (Views: 91.8ms | ActiveRecord: 0.0ms)


Started GET "/homepages" for ::1 at 2020-06-26 16:54:50 +0900
Processing by HomepagesController#home as HTML
  Rendering homepages/home.html.erb within layouts/application
  Rendered homepages/home.html.erb within layouts/application (1.6ms)
Completed 200 OK in 46ms (Views: 43.0ms | ActiveRecord: 0.0ms)


Started GET "/users/new" for ::1 at 2020-06-26 16:54:51 +0900
Processing by UsersController#new as HTML
  Rendering users/new.html.erb within layouts/application
  Rendered users/new.html.erb within layouts/application (3.4ms)
Completed 200 OK in 34ms (Views: 32.4ms | ActiveRecord: 0.0ms)


Started GET "/users/new" for ::1 at 2020-06-26 16:54:56 +0900
Processing by UsersController#new as HTML
  Rendering users/new.html.erb within layouts/application
  Rendered users/new.html.erb within layouts/application (3.0ms)
Completed 200 OK in 37ms (Views: 35.1ms | ActiveRecord: 0.0ms)


  [1m[35m (0.2ms)[0m  [1m[34mSELECT "schema_migrations"."version" FROM "schema_migrations" ORDER BY "schema_migrations"."version" ASC[0m
Migrating to AddRememberDigestToUsers (20200626075645)
  [1m[35m (0.1ms)[0m  [1m[36mbegin transaction[0m
  [1m[35m (0.7ms)[0m  [1m[35mALTER TABLE "users" ADD "remember_digest" varchar[0m
  [1m[35mSQL (0.2ms)[0m  [1m[32mINSERT INTO "schema_migrations" ("version") VALUES (?)[0m  [["version", "20200626075645"]]
  [1m[35m (1.7ms)[0m  [1m[36mcommit transaction[0m
  [1m[36mActiveRecord::InternalMetadata Load (0.2ms)[0m  [1m[34mSELECT  "ar_internal_metadata".* FROM "ar_internal_metadata" WHERE "ar_internal_metadata"."key" = ? LIMIT ?[0m  [["key", "environment"], ["LIMIT", 1]]
  [1m[35m (0.1ms)[0m  [1m[36mbegin transaction[0m
  [1m[35m (0.2ms)[0m  [1m[36mcommit transaction[0m
  [1m[35m (0.2ms)[0m  [1m[34mSELECT "schema_migrations"."version" FROM "schema_migrations" ORDER BY "schema_migrations"."version" ASC[0m
  [1m[35m (0.1ms)[0m  [1m[34m            SELECT sql
            FROM sqlite_master
            WHERE name='index_users_on_email' AND type='index'
            UNION ALL
            SELECT sql
            FROM sqlite_temp_master
            WHERE name='index_users_on_email' AND type='index'
[0m
Started GET "/users/1" for ::1 at 2020-06-26 17:04:58 +0900
Processing by UsersController#show as HTML
  Parameters: {"id"=>"1"}
  [1m[36mUser Load (0.2ms)[0m  [1m[34mSELECT  "users".* FROM "users" WHERE "users"."id" = ? LIMIT ?[0m  [["id", 1], ["LIMIT", 1]]
  Rendering users/show.html.erb within layouts/application
  Rendered users/show.html.erb within layouts/application (0.3ms)
Completed 200 OK in 52ms (Views: 37.4ms | ActiveRecord: 1.0ms)


Started GET "/users/1" for ::1 at 2020-06-26 17:06:57 +0900
Processing by UsersController#show as HTML
  Parameters: {"id"=>"1"}
  [1m[36mUser Load (0.2ms)[0m  [1m[34mSELECT  "users".* FROM "users" WHERE "users"."id" = ? LIMIT ?[0m  [["id", 1], ["LIMIT", 1]]
  Rendering users/show.html.erb within layouts/application
  Rendered users/show.html.erb within layouts/application (0.4ms)
Completed 200 OK in 16ms (Views: 14.7ms | ActiveRecord: 0.2ms)


Started GET "/homepages" for ::1 at 2020-06-26 23:24:18 +0900
Processing by HomepagesController#home as HTML
  Rendering homepages/home.html.erb within layouts/application
  Rendered homepages/home.html.erb within layouts/application (2.2ms)
Completed 200 OK in 65ms (Views: 61.2ms)


  [1m[36mUser Load (3.2ms)[0m  [1m[34mSELECT  "users".* FROM "users" LIMIT ?[0m  [["LIMIT", 11]]
Started GET "/homepages" for ::1 at 2020-06-26 23:31:47 +0900
Processing by HomepagesController#home as HTML
  Rendering homepages/home.html.erb within layouts/application
  Rendered homepages/home.html.erb within layouts/application (3.3ms)
Completed 200 OK in 25ms (Views: 23.1ms)


